# JRE version: OpenJDK Runtime Environment (8.0_76-b03) (build 1.8.0_76-release-b03)
# Java VM: OpenJDK 64-Bit Server VM (25.76-b03 mixed mode linux-amd64 compressed oops)
Heap:
 PSYoungGen      total 780800K, used 0K [0x000000076ab00000, 0x00000007c0000000, 0x00000007c0000000)
  eden space 465920K, 0% used [0x000000076ab00000,0x000000076ab00000,0x0000000787200000)
  from space 314880K, 0% used [0x00000007acc80000,0x00000007acc80000,0x00000007c0000000)
  to   space 465920K, 0% used [0x0000000787200000,0x0000000787200000,0x00000007a3900000)
 ParOldGen       total 1730560K, used 920711K [0x00000006c0000000, 0x0000000729a00000, 0x000000076ab00000)
  object space 1730560K, 53% used [0x00000006c0000000,0x00000006f8321f88,0x0000000729a00000)
 Metaspace       used 159149K, capacity 174486K, committed 178048K, reserved 1204224K
  class space    used 19893K, capacity 22050K, committed 22912K, reserved 1048576K
GC Heap History (10 events):
Event: 11879.296 GC heap after
Heap after GC invocations=399 (full 51):
 PSYoungGen      total 1059840K, used 87178K [0x000000076ab00000, 0x00000007c0000000, 0x00000007c0000000)
  eden space 746496K, 0% used [0x000000076ab00000,0x000000076ab00000,0x0000000798400000)
  from space 313344K, 27% used [0x00000007aa900000,0x00000007afe22a48,0x00000007bdb00000)
  to   space 300032K, 0% used [0x0000000798400000,0x0000000798400000,0x00000007aa900000)
 ParOldGen       total 1706496K, used 1243440K [0x00000006c0000000, 0x0000000728280000, 0x000000076ab00000)
  object space 1706496K, 72% used [0x00000006c0000000,0x000000070be4c380,0x0000000728280000)
 Metaspace       used 159139K, capacity 174422K, committed 178048K, reserved 1204224K
  class space    used 19890K, capacity 22050K, committed 22912K, reserved 1048576K
}
Event: 11879.312 GC heap before
{Heap before GC invocations=400 (full 51):
 PSYoungGen      total 1059840K, used 90257K [0x000000076ab00000, 0x00000007c0000000, 0x00000007c0000000)
  eden space 746496K, 0% used [0x000000076ab00000,0x000000076ae01c10,0x0000000798400000)
  from space 313344K, 27% used [0x00000007aa900000,0x00000007afe22a48,0x00000007bdb00000)
  to   space 300032K, 0% used [0x0000000798400000,0x0000000798400000,0x00000007aa900000)
 ParOldGen       total 1706496K, used 1243440K [0x00000006c0000000, 0x0000000728280000, 0x000000076ab00000)
  object space 1706496K, 72% used [0x00000006c0000000,0x000000070be4c380,0x0000000728280000)
 Metaspace       used 159139K, capacity 174422K, committed 178048K, reserved 1204224K
  class space    used 19890K, capacity 22050K, committed 22912K, reserved 1048576K
Event: 11879.511 GC heap after
Heap after GC invocations=400 (full 51):
 PSYoungGen      total 1046528K, used 96K [0x000000076ab00000, 0x00000007bf600000, 0x00000007c0000000)
  eden space 746496K, 0% used [0x000000076ab00000,0x000000076ab00000,0x0000000798400000)
  from space 300032K, 0% used [0x0000000798400000,0x0000000798418000,0x00000007aa900000)
  to   space 301568K, 0% used [0x00000007acf80000,0x00000007acf80000,0x00000007bf600000)
 ParOldGen       total 1706496K, used 1330883K [0x00000006c0000000, 0x0000000728280000, 0x000000076ab00000)
  object space 1706496K, 77% used [0x00000006c0000000,0x00000007113b0cd0,0x0000000728280000)
 Metaspace       used 159139K, capacity 174422K, committed 178048K, reserved 1204224K
  class space    used 19890K, capacity 22050K, committed 22912K, reserved 1048576K
}
Event: 11881.397 GC heap before
{Heap before GC invocations=401 (full 51):
 PSYoungGen      total 1046528K, used 746592K [0x000000076ab00000, 0x00000007bf600000, 0x00000007c0000000)
  eden space 746496K, 100% used [0x000000076ab00000,0x0000000798400000,0x0000000798400000)
  from space 300032K, 0% used [0x0000000798400000,0x0000000798418000,0x00000007aa900000)
  to   space 301568K, 0% used [0x00000007acf80000,0x00000007acf80000,0x00000007bf600000)
 ParOldGen       total 1706496K, used 1330883K [0x00000006c0000000, 0x0000000728280000, 0x000000076ab00000)
  object space 1706496K, 77% used [0x00000006c0000000,0x00000007113b0d08,0x0000000728280000)
 Metaspace       used 159147K, capacity 174486K, committed 178048K, reserved 1204224K
  class space    used 19893K, capacity 22050K, committed 22912K, reserved 1048576K
Event: 11881.642 GC heap after
Heap after GC invocations=401 (full 51):
 PSYoungGen      total 1079808K, used 118628K [0x000000076ab00000, 0x00000007be480000, 0x00000007c0000000)
  eden space 796160K, 0% used [0x000000076ab00000,0x000000076ab00000,0x000000079b480000)
  from space 283648K, 41% used [0x00000007acf80000,0x00000007b4359128,0x00000007be480000)
  to   space 286720K, 0% used [0x000000079b480000,0x000000079b480000,0x00000007acc80000)
 ParOldGen       total 1706496K, used 1330899K [0x00000006c0000000, 0x0000000728280000, 0x000000076ab00000)
  object space 1706496K, 77% used [0x00000006c0000000,0x00000007113b4d08,0x0000000728280000)
 Metaspace       used 159147K, capacity 174486K, committed 178048K, reserved 1204224K
  class space    used 19893K, capacity 22050K, committed 22912K, reserved 1048576K
}
Event: 11883.786 GC heap before
{Heap before GC invocations=402 (full 51):
 PSYoungGen      total 1079808K, used 914788K [0x000000076ab00000, 0x00000007be480000, 0x00000007c0000000)
  eden space 796160K, 100% used [0x000000076ab00000,0x000000079b480000,0x000000079b480000)
  from space 283648K, 41% used [0x00000007acf80000,0x00000007b4359128,0x00000007be480000)
  to   space 286720K, 0% used [0x000000079b480000,0x000000079b480000,0x00000007acc80000)
 ParOldGen       total 1706496K, used 1330901K [0x00000006c0000000, 0x0000000728280000, 0x000000076ab00000)
  object space 1706496K, 77% used [0x00000006c0000000,0x00000007113b56e8,0x0000000728280000)
 Metaspace       used 159149K, capacity 174486K, committed 178048K, reserved 1204224K
  class space    used 19893K, capacity 22050K, committed 22912K, reserved 1048576K
Event: 11884.885 GC heap after
Heap after GC invocations=402 (full 51):
 PSYoungGen      total 1082880K, used 286688K [0x000000076ab00000, 0x00000007c0000000, 0x00000007c0000000)
  eden space 796160K, 0% used [0x000000076ab00000,0x000000076ab00000,0x000000079b480000)
  from space 286720K, 99% used [0x000000079b480000,0x00000007acc78368,0x00000007acc80000)
  to   space 314880K, 0% used [0x00000007acc80000,0x00000007acc80000,0x00000007c0000000)
 ParOldGen       total 1706496K, used 1442377K [0x00000006c0000000, 0x0000000728280000, 0x000000076ab00000)
  object space 1706496K, 84% used [0x00000006c0000000,0x0000000718092520,0x0000000728280000)
 Metaspace       used 159149K, capacity 174486K, committed 178048K, reserved 1204224K
  class space    used 19893K, capacity 22050K, committed 22912K, reserved 1048576K
}
Event: 11887.233 GC heap before
{Heap before GC invocations=403 (full 51):
 PSYoungGen      total 1082880K, used 1082848K [0x000000076ab00000, 0x00000007c0000000, 0x00000007c0000000)
  eden space 796160K, 100% used [0x000000076ab00000,0x000000079b480000,0x000000079b480000)
  from space 286720K, 99% used [0x000000079b480000,0x00000007acc78368,0x00000007acc80000)
  to   space 314880K, 0% used [0x00000007acc80000,0x00000007acc80000,0x00000007c0000000)
 ParOldGen       total 1706496K, used 1442382K [0x00000006c0000000, 0x0000000728280000, 0x000000076ab00000)
  object space 1706496K, 84% used [0x00000006c0000000,0x0000000718093950,0x0000000728280000)
 Metaspace       used 159149K, capacity 174486K, committed 178048K, reserved 1204224K
  class space    used 19893K, capacity 22050K, committed 22912K, reserved 1048576K
Event: 11889.392 GC heap after
Heap after GC invocations=403 (full 51):
 PSYoungGen      total 780800K, used 314869K [0x000000076ab00000, 0x00000007c0000000, 0x00000007c0000000)
  eden space 465920K, 0% used [0x000000076ab00000,0x000000076ab00000,0x0000000787200000)
  from space 314880K, 99% used [0x00000007acc80000,0x00000007bfffd6b8,0x00000007c0000000)
  to   space 465920K, 0% used [0x0000000787200000,0x0000000787200000,0x00000007a3900000)
 ParOldGen       total 1730560K, used 1730545K [0x00000006c0000000, 0x0000000729a00000, 0x000000076ab00000)
  object space 1730560K, 99% used [0x00000006c0000000,0x00000007299fc778,0x0000000729a00000)
 Metaspace       used 159149K, capacity 174486K, committed 178048K, reserved 1204224K
  class space    used 19893K, capacity 22050K, committed 22912K, reserved 1048576K
}
Event: 11889.392 GC heap before
{Heap before GC invocations=404 (full 52):
 PSYoungGen      total 780800K, used 314869K [0x000000076ab00000, 0x00000007c0000000, 0x00000007c0000000)
  eden space 465920K, 0% used [0x000000076ab00000,0x000000076ab00000,0x0000000787200000)
  from space 314880K, 99% used [0x00000007acc80000,0x00000007bfffd6b8,0x00000007c0000000)
  to   space 465920K, 0% used [0x0000000787200000,0x0000000787200000,0x00000007a3900000)
 ParOldGen       total 1730560K, used 1730545K [0x00000006c0000000, 0x0000000729a00000, 0x000000076ab00000)
  object space 1730560K, 99% used [0x00000006c0000000,0x00000007299fc778,0x0000000729a00000)
 Metaspace       used 159149K, capacity 174486K, committed 178048K, reserved 1204224K
  class space    used 19893K, capacity 22050K, committed 22912K, reserved 1048576K

